Fake mavlink wrapper initialized
Return fake packet dicts
Start 1400Hz test:
---------------------------------------------
Return fake packet dicts

Packets amount: 100
Packets amount after concat: 110

Start 1450Hz test:
---------------------------------------------
Return fake packet dicts

Packets amount: 110
Packets amount after concat: 120

Start 1500Hz test:
---------------------------------------------
Return fake packet dicts

Packets amount: 120
Packets amount after concat: 130

Described: 
       Unnamed: 0      time_usec    xacc   yacc     zacc  xgyro  ygyro  zgyro  temperature
count      130.00         130.00  130.00 130.00   130.00 130.00 130.00 130.00       130.00
mean        39.12 14392123806.08  -15.02  -2.48 -1001.80 -23.68  -7.95  -1.02      4502.89
std         31.78     6896357.86   13.11   0.50     0.44   1.93   1.70   1.20        24.07
min          0.00 14379685331.00 -100.00  -3.00 -1003.00 -28.00 -13.00  -4.00      4480.00
25%          8.00 14386135357.75  -13.00  -3.00 -1002.00 -25.00  -9.00  -2.00      4480.00
50%         34.50 14392585328.00  -13.00  -2.00 -1002.00 -24.00  -8.00  -1.00      4480.00
75%         66.75 14399035316.00  -13.00  -2.00 -1002.00 -23.00  -7.00   0.00      4528.00
max         99.00 14401485372.00  -12.00  -2.00 -1001.00 -18.00  -4.00   2.00      4528.00


Rolling standard deviatio for each value:
Unnamed: 0         31.78
time_usec     6896357.86
xacc               13.11
yacc                0.50
zacc                0.44
xgyro               1.93
ygyro               1.70
zgyro               1.20
temperature        24.07
dtype: float64

Anomalies:
----------------------------------------------------------
None


Traceback (most recent call last):
  File "C:\Users\user\PycharmProjects\fpv\main.py", line 84, in <module>
    print(f'Z-Score outliners:\r\n{main_analyzer.calc_zscore_outliners()}')
  File "C:\Users\user\PycharmProjects\fpv\analyzer.py", line 37, in calc_zscore_outliners
    self.outliners = self.packets_df[z > threshold].dropna(how='all')
KeyboardInterrupt
